#
# There is insufficient memory for the Java Runtime Environment to continue.
# Native memory allocation (mmap) failed to map 268435456 bytes for Failed to commit area from 0x0000000700c00000 to 0x0000000710c00000 of length 268435456.
# Possible reasons:
#   The system is out of physical RAM or swap space
#   The process is running with CompressedOops enabled, and the Java Heap may be blocking the growth of the native heap
# Possible solutions:
#   Reduce memory load on the system
#   Increase physical memory or swap space
#   Check if swap backing store is full
#   Decrease Java heap size (-Xmx/-Xms)
#   Decrease number of Java threads
#   Decrease Java thread stack sizes (-Xss)
#   Set larger code cache with -XX:ReservedCodeCacheSize=
# This output file may be truncated or incomplete.
#
#  Out of Memory Error (c:/BuildAgent/work/1eae4dac1d648407/src/hotspot/os/windows/os_windows.cpp:3296), pid=38036, tid=10496
#
# JRE version:  (11.0.6+8) (build )
# Java VM: OpenJDK 64-Bit Server VM (11.0.6+8-b765.25, mixed mode, sharing, tiered, compressed oops, g1 gc, windows-amd64)
# No core dump will be written. Minidumps are not enabled by default on client versions of Windows
#

---------------  S U M M A R Y ------------

Command Line: org.jetbrains.git4idea.http.GitAskPassApp Username for 'https://github.com': 

Host: AMD Ryzen 5 1500X Quad-Core Processor          , 8 cores, 15G,  Windows 10 , 64 bit Build 18362 (10.0.18362.900)
Time: Wed Jul  8 23:56:32 2020 Hora de verano central (México) elapsed time: 0 seconds (0d 0h 0m 0s)

---------------  T H R E A D  ---------------

Current thread (0x000001e8aee8d000):  JavaThread "Unknown thread" [_thread_in_vm, id=10496, stack(0x0000002aef600000,0x0000002aef700000)]

Stack: [0x0000002aef600000,0x0000002aef700000]
Native frames: (J=compiled Java code, j=interpreted, Vv=VM code, C=native code)
V  [jvm.dll+0x5de3ca]
V  [jvm.dll+0x710ae5]
V  [jvm.dll+0x712005]
V  [jvm.dll+0x7126b3]
V  [jvm.dll+0x23e708]
V  [jvm.dll+0x5db874]
V  [jvm.dll+0x5d0aa5]
V  [jvm.dll+0x2fb0fb]
V  [jvm.dll+0x2fb06a]
V  [jvm.dll+0x2faf42]
V  [jvm.dll+0x2ffe16]
V  [jvm.dll+0x348723]
V  [jvm.dll+0x348e26]
V  [jvm.dll+0x348823]
V  [jvm.dll+0x2d58a8]
V  [jvm.dll+0x2d6a47]
V  [jvm.dll+0x6ef917]
V  [jvm.dll+0x6f110c]
V  [jvm.dll+0x355d69]
V  [jvm.dll+0x6d4afe]
V  [jvm.dll+0x3bf3d3]
V  [jvm.dll+0x3c1921]
C  [jli.dll+0x5363]
C  [ucrtbase.dll+0x20e82]
C  [KERNEL32.DLL+0x17bd4]
C  [ntdll.dll+0x6ce51]


---------------  P R O C E S S  ---------------

Threads class SMR info:
_java_thread_list=0x000001e8acca8150, length=0, elements={
}

Java Threads: ( => current thread )

Other Threads:
  0x000001e8aeea4800 GCTaskThread "GC Thread#0" [stack: 0x0000002aef700000,0x0000002aef800000] [id=29156]
  0x000001e8aef03800 ConcurrentGCThread "G1 Main Marker" [stack: 0x0000002aef800000,0x0000002aef900000] [id=24184]
  0x000001e8aef04800 ConcurrentGCThread "G1 Conc#0" [stack: 0x0000002aef900000,0x0000002aefa00000] [id=38548]

[error occurred during error reporting (printing all threads), id 0xc0000005, EXCEPTION_ACCESS_VIOLATION (0xc0000005) at pc=0x00007ffdf1956227]

VM state:not at safepoint (not fully initialized)

VM Mutex/Monitor currently owned by a thread:  ([mutex/lock_event])
[0x000001e8aee8b4f0] Heap_lock - owner thread: 0x000001e8aee8d000

Heap address: 0x0000000700c00000, size: 4084 MB, Compressed Oops mode: Non-zero based: 0x0000000700c00000
Narrow klass base: 0x0000000000000000, Narrow klass shift: 0

GC Heap History (0 events):
No events

Deoptimization events (0 events):
No events

Classes redefined (0 events):
No events

Internal exceptions (0 events):
No events

Events (2 events):
Event: 0.007 Loaded shared library C:\Users\alex_\AppData\Local\JetBrains\Toolbox\apps\IDEA-U\ch-0\201.6668.121\jbr\bin\zip.dll
Event: 0.008 Loaded shared library C:\Users\alex_\AppData\Local\JetBrains\Toolbox\apps\IDEA-U\ch-0\201.6668.121\jbr\bin\jimage.dll


Dynamic libraries:
0x00007ff788270000 - 0x00007ff78827a000 	C:\Users\alex_\AppData\Local\JetBrains\Toolbox\apps\IDEA-U\ch-0\201.6668.121\jbr\bin\java.exe
0x00007ffe7b4e0000 - 0x00007ffe7b6d0000 	C:\WINDOWS\SYSTEM32\ntdll.dll
0x00007ffe79880000 - 0x00007ffe79932000 	C:\WINDOWS\System32\KERNEL32.DLL
0x00007ffe78710000 - 0x00007ffe789b4000 	C:\WINDOWS\System32\KERNELBASE.dll
0x00007ffe78610000 - 0x00007ffe7870a000 	C:\WINDOWS\System32\ucrtbase.dll
0x00007ffe48540000 - 0x00007ffe48559000 	C:\Users\alex_\AppData\Local\JetBrains\Toolbox\apps\IDEA-U\ch-0\201.6668.121\jbr\bin\jli.dll
0x00007ffe49620000 - 0x00007ffe49637000 	C:\Users\alex_\AppData\Local\JetBrains\Toolbox\apps\IDEA-U\ch-0\201.6668.121\jbr\bin\VCRUNTIME140.dll
0x00007ffe796e0000 - 0x00007ffe79874000 	C:\WINDOWS\System32\USER32.dll
0x00007ffe79460000 - 0x00007ffe79481000 	C:\WINDOWS\System32\win32u.dll
0x00007ffe62e30000 - 0x00007ffe630b4000 	C:\WINDOWS\WinSxS\amd64_microsoft.windows.common-controls_6595b64144ccf1df_6.0.18362.900_none_e6beb9d913147d17\COMCTL32.dll
0x00007ffe7a940000 - 0x00007ffe7a966000 	C:\WINDOWS\System32\GDI32.dll
0x00007ffe7b170000 - 0x00007ffe7b20e000 	C:\WINDOWS\System32\msvcrt.dll
0x00007ffe789c0000 - 0x00007ffe78b55000 	C:\WINDOWS\System32\gdi32full.dll
0x00007ffe793c0000 - 0x00007ffe7945e000 	C:\WINDOWS\System32\msvcp_win.dll
0x00007ffe799f0000 - 0x00007ffe79d25000 	C:\WINDOWS\System32\combase.dll
0x00007ffe79d30000 - 0x00007ffe79e50000 	C:\WINDOWS\System32\RPCRT4.dll
0x00007ffe794b0000 - 0x00007ffe79530000 	C:\WINDOWS\System32\bcryptPrimitives.dll
0x00007ffe7b140000 - 0x00007ffe7b16e000 	C:\WINDOWS\System32\IMM32.DLL
0x00007ffe06d40000 - 0x00007ffe06ddd000 	C:\Users\alex_\AppData\Local\JetBrains\Toolbox\apps\IDEA-U\ch-0\201.6668.121\jbr\bin\msvcp140.dll
0x00007ffdf1670000 - 0x00007ffdf212d000 	C:\Users\alex_\AppData\Local\JetBrains\Toolbox\apps\IDEA-U\ch-0\201.6668.121\jbr\bin\server\jvm.dll
0x00007ffe7afe0000 - 0x00007ffe7b083000 	C:\WINDOWS\System32\ADVAPI32.dll
0x00007ffe7a970000 - 0x00007ffe7aa07000 	C:\WINDOWS\System32\sechost.dll
0x00007ffe7a240000 - 0x00007ffe7a248000 	C:\WINDOWS\System32\PSAPI.DLL
0x00007ffe76340000 - 0x00007ffe76364000 	C:\WINDOWS\SYSTEM32\WINMM.dll
0x00007ffe5e2a0000 - 0x00007ffe5e2a9000 	C:\WINDOWS\SYSTEM32\WSOCK32.dll
0x00007ffe72a60000 - 0x00007ffe72a6a000 	C:\WINDOWS\SYSTEM32\VERSION.dll
0x00007ffe79e50000 - 0x00007ffe79ebf000 	C:\WINDOWS\System32\WS2_32.dll
0x00007ffe762e0000 - 0x00007ffe7630d000 	C:\WINDOWS\SYSTEM32\winmmbase.dll
0x00007ffe78470000 - 0x00007ffe784ba000 	C:\WINDOWS\System32\cfgmgr32.dll
0x00007ffe78450000 - 0x00007ffe78461000 	C:\WINDOWS\System32\kernel.appcore.dll
0x00007ffe6d600000 - 0x00007ffe6d611000 	C:\Users\alex_\AppData\Local\JetBrains\Toolbox\apps\IDEA-U\ch-0\201.6668.121\jbr\bin\verify.dll
0x00007ffe65d40000 - 0x00007ffe65f34000 	C:\WINDOWS\SYSTEM32\DBGHELP.DLL
0x00007ffe66120000 - 0x00007ffe6614a000 	C:\WINDOWS\SYSTEM32\dbgcore.DLL
0x00007ffe48390000 - 0x00007ffe483b9000 	C:\Users\alex_\AppData\Local\JetBrains\Toolbox\apps\IDEA-U\ch-0\201.6668.121\jbr\bin\java.dll
0x00007ffe6d5e0000 - 0x00007ffe6d5f8000 	C:\Users\alex_\AppData\Local\JetBrains\Toolbox\apps\IDEA-U\ch-0\201.6668.121\jbr\bin\zip.dll
0x00007ffe74e90000 - 0x00007ffe74e9b000 	C:\Users\alex_\AppData\Local\JetBrains\Toolbox\apps\IDEA-U\ch-0\201.6668.121\jbr\bin\jimage.dll

dbghelp: loaded successfully - version: 4.0.5 - missing functions: none
symbol engine: initialized successfully - sym options: 0x614 - pdb path: .;C:\Users\alex_\AppData\Local\JetBrains\Toolbox\apps\IDEA-U\ch-0\201.6668.121\jbr\bin;C:\WINDOWS\SYSTEM32;C:\WINDOWS\WinSxS\amd64_microsoft.windows.common-controls_6595b64144ccf1df_6.0.18362.900_none_e6beb9d913147d17;C:\Users\alex_\AppData\Local\JetBrains\Toolbox\apps\IDEA-U\ch-0\201.6668.121\jbr\bin\server

VM Arguments:
java_command: org.jetbrains.git4idea.http.GitAskPassApp Username for 'https://github.com': 
java_class_path (initial): C:/Users/alex_/AppData/Local/JetBrains/Toolbox/apps/IDEA-U/ch-0/201.6668.121/plugins/git4idea/lib/git4idea-rt.jar;C:/Users/alex_/AppData/Local/JetBrains/Toolbox/apps/IDEA-U/ch-0/201.6668.121/lib/xmlrpc-2.0.1.jar;C:/Users/alex_/AppData/Local/JetBrains/Toolbox/apps/IDEA-U/ch-0/201.6668.121/lib/commons-codec-1.14.jar;C:/Users/alex_/AppData/Local/JetBrains/Toolbox/apps/IDEA-U/ch-0/201.6668.121/lib/util.jar
Launcher Type: SUN_STANDARD

[Global flags]
     intx CICompilerCount                          = 4                                         {product} {ergonomic}
     uint ConcGCThreads                            = 2                                         {product} {ergonomic}
     uint G1ConcRefinementThreads                  = 8                                         {product} {ergonomic}
   size_t G1HeapRegionSize                         = 1048576                                   {product} {ergonomic}
    uintx GCDrainStackTargetSize                   = 64                                        {product} {ergonomic}
   size_t InitialHeapSize                          = 268435456                                 {product} {ergonomic}
   size_t MarkStackSize                            = 4194304                                   {product} {ergonomic}
   size_t MaxHeapSize                              = 4282384384                                {product} {ergonomic}
   size_t MinHeapDeltaBytes                        = 1048576                                   {product} {ergonomic}
    uintx NonNMethodCodeHeapSize                   = 5836300                                {pd product} {ergonomic}
    uintx NonProfiledCodeHeapSize                  = 122910970                              {pd product} {ergonomic}
    uintx ProfiledCodeHeapSize                     = 122910970                              {pd product} {ergonomic}
    uintx ReservedCodeCacheSize                    = 251658240                              {pd product} {ergonomic}
     bool SegmentedCodeCache                       = true                                      {product} {ergonomic}
     bool UseCompressedClassPointers               = true                                 {lp64_product} {ergonomic}
     bool UseCompressedOops                        = true                                 {lp64_product} {ergonomic}
     bool UseG1GC                                  = true                                      {product} {ergonomic}
     bool UseLargePagesIndividualAllocation        = false                                  {pd product} {ergonomic}

Logging:
Log output configuration:
 #0: stdout all=warning uptime,level,tags
 #1: stderr all=off uptime,level,tags

Environment Variables:
JAVA_HOME=C:\Program Files\Java\jdk-14.0.1\
PATH=C:/Program Files/Git/mingw64/libexec/git-core;C:/Program Files/Git/mingw64/libexec/git-core;C:\Program Files\Git\mingw64\bin;C:\Program Files\Git\usr\bin;C:\Users\alex_\bin;C:\Program Files (x86)\Common Files\Oracle\Java\javapath;C:\Windows\system32;C:\Windows;C:\Windows\System32\Wbem;C:\Windows\System32\WindowsPowerShell\v1.0\;C:\Windows\System32\OpenSSH\;C:\Program Files (x86)\NVIDIA Corporation\PhysX\Common;C:\Program Files\dotnet\;C:\Program Files\Microsoft SQL Server\130\Tools\Binn\;C:\Program Files\Java\jdk-14.0.1\bin;C:\Program Files\Git\cmd;C:\Gradle\gradle-5.4.1\bin;C:\MinGW\bin;C:\WINDOWS\system32;C:\WINDOWS;C:\WINDOWS\System32\Wbem;C:\WINDOWS\System32\WindowsPowerShell\v1.0\;C:\WINDOWS\System32\OpenSSH\;C:\Program Files\NVIDIA Corporation\NVIDIA NvDLISR;C:\Program Files\MySQL\MySQL Shell 8.0\bin\;C:\Users\alex_\AppData\Local\Microsoft\WindowsApps;C:\Users\alex_\AppData\Local\Programs\Microsoft VS Code\bin;C:\Users\alex_\AppData\Local\Google\Cloud SDK\google-cloud-sdk\bin;C:\adb;C:\Program Files (x86)\Brackets\command;C:\Program Files\swipl\bin;C:\Ruby26-x64\bin;C:\Users\alex_\AppData\Local\Microsoft\WindowsApps;C:\Users\alex_\AppData\Local\Programs\Microsoft VS Code\bin;C:\Users\alex_\AppData\Local\Google\Cloud SDK\google-cloud-sdk\bin
USERNAME=alex_
DISPLAY=:0.0
OS=Windows_NT
PROCESSOR_IDENTIFIER=AMD64 Family 23 Model 1 Stepping 1, AuthenticAMD



---------------  S Y S T E M  ---------------

OS: Windows 10 , 64 bit Build 18362 (10.0.18362.900)

CPU:total 8 (initial active 8) (8 cores per cpu, 2 threads per core) family 23 model 1 stepping 1, cmov, cx8, fxsr, mmx, sse, sse2, sse3, ssse3, sse4.1, sse4.2, popcnt, avx, avx2, aes, clmul, mmxext, 3dnowpref, lzcnt, sse4a, ht, tsc, tscinvbit, tscinv, bmi1, bmi2, adx, sha, fma

Memory: 4k page, system-wide physical 16335M (4061M free)
TotalPageFile size 23335M (AvailPageFile size 160M)
current process WorkingSet (physical memory assigned to process): 10M, peak: 10M
current process commit charge ("private bytes"): 60M, peak: 316M

vm_info: OpenJDK 64-Bit Server VM (11.0.6+8-b765.25) for windows-amd64 JRE (11.0.6+8-b765.25), built on Mar 30 2020 12:57:22 by "" with MS VC++ 14.0 (VS2015)

END.
